<?xml version="1.0" encoding="UTF-8"?>
<testsuite xmlns:xsi="http://www.w3.org/2001/XMLSchema-instance" xsi:noNamespaceSchemaLocation="https://maven.apache.org/surefire/maven-surefire-plugin/xsd/surefire-test-report-3.0.xsd" version="3.0" name="com.lab7.patterns.PatternsApplicationTests" time="1.011" tests="1" errors="0" skipped="0" failures="0">
  <properties>
[...]
</properties>
  <testcase name="contextLoads" classname="com.lab7.patterns.PatternsApplicationTests" time="0.464">
    <system-out><![CDATA[17:40:49.695 [main] INFO org.springframework.test.context.support.AnnotationConfigContextLoaderUtils -- Could not detect default configuration classes for test class [com.lab7.patterns.PatternsApplicationTests]: PatternsApplicationTests does not declare any static, non-private, non-final, nested classes annotated with @Configuration.
17:40:49.743 [main] INFO org.springframework.boot.test.context.SpringBootTestContextBootstrapper -- Found @SpringBootConfiguration com.lab7.patterns.PatternsApplication for test class com.lab7.patterns.PatternsApplicationTests

  .   ____          _            __ _ _
 /\\ / ___'_ __ _ _(_)_ __  __ _ \ \ \ \
( ( )\___ | '_ | '_| | '_ \/ _` | \ \ \ \
 \\/  ___)| |_)| | | | | || (_| |  ) ) ) )
  '  |____| .__|_| |_|_| |_\__, | / / / /
 =========|_|==============|___/=/_/_/_/

 :: Spring Boot ::                (v3.3.5)

2024-11-11T17:40:49.931-06:00  INFO 26340 --- [patterns] [           main] c.l.patterns.PatternsApplicationTests    : Starting PatternsApplicationTests using Java 17.0.6 with PID 26340 (started by alejandro.olivares@digitalfemsa.com in /Users/alejandro.olivares@digitalfemsa.com/IRONHACK/ironhack_aaog_lab7_desingPatterns)
2024-11-11T17:40:49.932-06:00  INFO 26340 --- [patterns] [           main] c.l.patterns.PatternsApplicationTests    : No active profile set, falling back to 1 default profile: "default"
2024-11-11T17:40:50.154-06:00  INFO 26340 --- [patterns] [           main] c.l.patterns.PatternsApplicationTests    : Started PatternsApplicationTests in 0.359 seconds (process running for 0.782)
]]></system-out>
  </testcase>
</testsuite>